#
# A fatal error has been detected by the Java Runtime Environment:
#
#  SIGSEGV (0xb) at pc=0x000000010232094c, pid=4755, tid=0x000000000000da07
#
# JRE version: Java(TM) SE Runtime Environment (8.0_171-b11) (build 1.8.0_171-b11)
# Java VM: Java HotSpot(TM) 64-Bit Server VM (25.171-b11 mixed mode bsd-amd64 compressed oops)
# Problematic frame:
# V  [libjvm.dylib+0x32094c]
#
# Failed to write core dump. Core dumps have been disabled. To enable core dumping, try "ulimit -c unlimited" before starting Java again
#
# If you would like to submit a bug report, please visit:
#   http://bugreport.java.com/bugreport/crash.jsp
#

---------------  T H R E A D  ---------------

Current thread (0x00007f82fa16d000):  JavaThread "AWT-EventQueue-0" [_thread_in_vm, id=55815, stack(0x00007000104ce000,0x00007000105ce000)]

siginfo: si_signo: 11 (SIGSEGV), si_code: 1 (SEGV_MAPERR), si_addr: 0x0000000000000000

Registers:
RAX=0x00000001028f8610, RBX=0x0000000000000000, RCX=0x0000000102828360, RDX=0x0000000000000000
RSP=0x00007000105cb090, RBP=0x00007000105cb110, RSI=0x0000000000000000, RDI=0x00007f82fa16d1f8
R8 =0x0000000000000000, R9 =0x0000000000000184, R10=0x000000010b63a63b, R11=0x00000001024e78f7
R12=0x00007f82fa16d000, R13=0x000000010a2a01f0, R14=0x0000000000000000, R15=0x00007f82fa16d1f8
RIP=0x000000010232094c, EFLAGS=0x0000000000010246, ERR=0x0000000000000004
  TRAPNO=0x000000000000000e

Top of Stack: (sp=0x00007000105cb090)
0x00007000105cb090:   00007f82fa16d000 0000000000000000
0x00007000105cb0a0:   00007f82fa16d000 000000010a2a01f0
0x00007000105cb0b0:   00007f82fa16d000 00007f82fa16d000
0x00007000105cb0c0:   00007000105cb0e0 00007f82fa16d000
0x00007000105cb0d0:   000000010a2a01f0 0000000166d998c0
0x00007000105cb0e0:   0000000000000000 0000000000000000
0x00007000105cb0f0:   0000000000000000 000000010a2a01f0
0x00007000105cb100:   00007000105cb260 00007f82fa16d000
0x00007000105cb110:   00007000105cb1e0 0000000166d998e9
0x00007000105cb120:   0000000efa16d000 000000010a2a01f0
0x00007000105cb130:   00007000105cb180 000000000000000b
0x00007000105cb140:   00007000105cb160 00000001021434a2
0x00007000105cb150:   000000010a2a01f0 000000010a2a01f0
0x00007000105cb160:   00007000105cb1d0 00000001022e810f
0x00007000105cb170:   00007000105cb1b0 00007f82fa16d000
0x00007000105cb180:   00007f82fa16d000 000000010a2a01f0
0x00007000105cb190:   00007f82fa16d000 000000010a2a01f0
0x00007000105cb1a0:   00007f82fa16d000 000000010a2a01f0
0x00007000105cb1b0:   00007f82fa16d1f8 000000010a2a01f0
0x00007000105cb1c0:   0000000000000000 000000010a2a01f0
0x00007000105cb1d0:   00007000105cb260 00007f82fa16d000
0x00007000105cb1e0:   00007000105cb240 000000010b63a667
0x00007000105cb1f0:   00007f82fa16d000 000000010b63a382
0x00007000105cb200:   00007000105cb200 000000010a2a01f0
0x00007000105cb210:   00007000105cb260 000000010a2a18f0
0x00007000105cb220:   0000000000000000 000000010a2a01f0
0x00007000105cb230:   0000000000000000 00007000105cb260
0x00007000105cb240:   00007000105cb2b8 000000010b629dd0
0x00007000105cb250:   000000076bacf230 000000010b633d17
0x00007000105cb260:   0000000000000000 000000076bad5318
0x00007000105cb270:   000000076bad5318 00007000105cb278
0x00007000105cb280:   000000010a29f9bd 00007000105cb2c8 

Instructions: (pc=0x000000010232094c)
0x000000010232092c:   00 49 83 7c 24 08 00 74 09 48 8d 7d 80 e8 f4 b2
0x000000010232093c:   19 00 4c 89 ff 4c 89 f6 48 89 da 90 0f 1f 40 00
0x000000010232094c:   4d 8b 36 4c 89 f7 e8 1d 38 fa ff 48 85 c0 75 05
0x000000010232095c:   45 31 ff eb 4f 4c 89 f7 e8 31 5d fd ff 41 89 c7 

Register to memory mapping:

RAX=0x00000001028f8610: _ZN20SafepointSynchronize6_stateE+0 in /Library/Java/JavaVirtualMachines/jdk1.8.0_171.jdk/Contents/Home/jre/lib/server/libjvm.dylib at 0x0000000102000000
RBX=0x0000000000000000 is an unknown value
RCX=0x0000000102828360: UseMembar+0 in /Library/Java/JavaVirtualMachines/jdk1.8.0_171.jdk/Contents/Home/jre/lib/server/libjvm.dylib at 0x0000000102000000
RDX=0x0000000000000000 is an unknown value
RSP=0x00007000105cb090 is pointing into the stack for thread: 0x00007f82fa16d000
RBP=0x00007000105cb110 is pointing into the stack for thread: 0x00007f82fa16d000
RSI=0x0000000000000000 is an unknown value
RDI=0x00007f82fa16d1f8 is an unknown value
R8 =0x0000000000000000 is an unknown value
R9 =0x0000000000000184 is an unknown value
R10=0x000000010b63a63b is at code_begin+859 in an Interpreter codelet
method entry point (kind = native)  [0x000000010b63a2e0, 0x000000010b63ac40]  2400 bytes
R11=0x00000001024e78f7: throw_unsatisfied_link_error+0 in /Library/Java/JavaVirtualMachines/jdk1.8.0_171.jdk/Contents/Home/jre/lib/server/libjvm.dylib at 0x0000000102000000
R12=0x00007f82fa16d000 is a thread
R13={method} {0x000000010a2a01f0} 'imread_1' '(Ljava/lang/String;)J' in 'org/opencv/imgcodecs/Imgcodecs'
R14=0x0000000000000000 is an unknown value
R15=0x00007f82fa16d1f8 is an unknown value


Stack: [0x00007000104ce000,0x00007000105ce000],  sp=0x00007000105cb090,  free space=1012k
Native frames: (J=compiled Java code, j=interpreted, Vv=VM code, C=native code)
V  [libjvm.dylib+0x32094c]
C  [libopencv_java430.dylib+0xad8e9]  Java_org_opencv_imgcodecs_Imgcodecs_imread_11+0x29
j  org.opencv.imgcodecs.Imgcodecs.imread_1(Ljava/lang/String;)J+0
j  org.opencv.imgcodecs.Imgcodecs.imread(Ljava/lang/String;)Lorg/opencv/core/Mat;+5
j  es.ulpgc.dis.practica7.Lienzo.filtrarImagen()Lorg/opencv/core/Mat;+3
j  es.ulpgc.dis.practica7.Main$Milistener.adjustmentValueChanged(Ljava/awt/event/AdjustmentEvent;)V+14
j  javax.swing.JScrollBar.fireAdjustmentValueChanged(IIIZ)V+66
j  javax.swing.JScrollBar.access$100(Ljavax/swing/JScrollBar;IIIZ)V+6
j  javax.swing.JScrollBar$ModelListener.stateChanged(Ljavax/swing/event/ChangeEvent;)V+54
j  javax.swing.DefaultBoundedRangeModel.fireStateChanged()V+56
j  javax.swing.DefaultBoundedRangeModel.setRangeProperties(IIIIZ)V+130
j  javax.swing.DefaultBoundedRangeModel.setValueIsAdjusting(Z)V+18
j  javax.swing.JScrollBar.setValueIsAdjusting(Z)V+14
j  javax.swing.plaf.basic.BasicScrollBarUI$TrackListener.mousePressed(Ljava/awt/event/MouseEvent;)V+92
j  java.awt.Component.processMouseEvent(Ljava/awt/event/MouseEvent;)V+54
j  javax.swing.JComponent.processMouseEvent(Ljava/awt/event/MouseEvent;)V+23
j  java.awt.Component.processEvent(Ljava/awt/AWTEvent;)V+81
j  java.awt.Container.processEvent(Ljava/awt/AWTEvent;)V+18
j  java.awt.Component.dispatchEventImpl(Ljava/awt/AWTEvent;)V+589
j  java.awt.Container.dispatchEventImpl(Ljava/awt/AWTEvent;)V+42
j  java.awt.Component.dispatchEvent(Ljava/awt/AWTEvent;)V+2
j  java.awt.LightweightDispatcher.retargetMouseEvent(Ljava/awt/Component;ILjava/awt/event/MouseEvent;)V+327
j  java.awt.LightweightDispatcher.processMouseEvent(Ljava/awt/event/MouseEvent;)Z+144
j  java.awt.LightweightDispatcher.dispatchEvent(Ljava/awt/AWTEvent;)Z+50
j  java.awt.Container.dispatchEventImpl(Ljava/awt/AWTEvent;)V+12
j  java.awt.Window.dispatchEventImpl(Ljava/awt/AWTEvent;)V+19
j  java.awt.Component.dispatchEvent(Ljava/awt/AWTEvent;)V+2
j  java.awt.EventQueue.dispatchEventImpl(Ljava/awt/AWTEvent;Ljava/lang/Object;)V+41
j  java.awt.EventQueue.access$500(Ljava/awt/EventQueue;Ljava/awt/AWTEvent;Ljava/lang/Object;)V+3
j  java.awt.EventQueue$3.run()Ljava/lang/Void;+32
j  java.awt.EventQueue$3.run()Ljava/lang/Object;+1
v  ~StubRoutines::call_stub
V  [libjvm.dylib+0x2ef1f6]
V  [libjvm.dylib+0x34fb24]
J 1130  java.security.AccessController.doPrivileged(Ljava/security/PrivilegedAction;Ljava/security/AccessControlContext;)Ljava/lang/Object; (0 bytes) @ 0x000000010b9d1f55 [0x000000010b9d1e80+0xd5]
J 1133 C1 java.security.ProtectionDomain$JavaSecurityAccessImpl.doIntersectionPrivilege(Ljava/security/PrivilegedAction;Ljava/security/AccessControlContext;Ljava/security/AccessControlContext;)Ljava/lang/Object; (22 bytes) @ 0x000000010b9d4b1c [0x000000010b9d46a0+0x47c]
j  java.security.ProtectionDomain$JavaSecurityAccessImpl.doIntersectionPrivilege(Ljava/security/PrivilegedAction;Ljava/security/AccessControlContext;)Ljava/lang/Object;+6
j  java.awt.EventQueue$4.run()Ljava/lang/Void;+11
j  java.awt.EventQueue$4.run()Ljava/lang/Object;+1
v  ~StubRoutines::call_stub
V  [libjvm.dylib+0x2ef1f6]
V  [libjvm.dylib+0x34fb24]
J 1130  java.security.AccessController.doPrivileged(Ljava/security/PrivilegedAction;Ljava/security/AccessControlContext;)Ljava/lang/Object; (0 bytes) @ 0x000000010b9d1f55 [0x000000010b9d1e80+0xd5]
J 1133 C1 java.security.ProtectionDomain$JavaSecurityAccessImpl.doIntersectionPrivilege(Ljava/security/PrivilegedAction;Ljava/security/AccessControlContext;Ljava/security/AccessControlContext;)Ljava/lang/Object; (22 bytes) @ 0x000000010b9d4b1c [0x000000010b9d46a0+0x47c]
j  java.awt.EventQueue.dispatchEvent(Ljava/awt/AWTEvent;)V+73
J 1186 C1 java.awt.EventDispatchThread.pumpOneEventForFilters(I)V (190 bytes) @ 0x000000010b9ed68c [0x000000010b9ec540+0x114c]
j  java.awt.EventDispatchThread.pumpEventsForFilter(ILjava/awt/Conditional;Ljava/awt/EventFilter;)V+35
j  java.awt.EventDispatchThread.pumpEventsForHierarchy(ILjava/awt/Conditional;Ljava/awt/Component;)V+11
j  java.awt.EventDispatchThread.pumpEvents(ILjava/awt/Conditional;)V+4
j  java.awt.EventDispatchThread.pumpEvents(Ljava/awt/Conditional;)V+3
j  java.awt.EventDispatchThread.run()V+9
v  ~StubRoutines::call_stub
V  [libjvm.dylib+0x2ef1f6]
V  [libjvm.dylib+0x2ef99a]
V  [libjvm.dylib+0x2efb46]
V  [libjvm.dylib+0x34a46d]
V  [libjvm.dylib+0x56eb0f]
V  [libjvm.dylib+0x57020a]
V  [libjvm.dylib+0x48d4a6]
C  [libsystem_pthread.dylib+0x6109]  _pthread_start+0x94
C  [libsystem_pthread.dylib+0x1b8b]  thread_start+0xf
C  0x0000000000000000

Java frames: (J=compiled Java code, j=interpreted, Vv=VM code)
j  org.opencv.imgcodecs.Imgcodecs.imread_1(Ljava/lang/String;)J+0
j  org.opencv.imgcodecs.Imgcodecs.imread(Ljava/lang/String;)Lorg/opencv/core/Mat;+5
j  es.ulpgc.dis.practica7.Lienzo.filtrarImagen()Lorg/opencv/core/Mat;+3
j  es.ulpgc.dis.practica7.Main$Milistener.adjustmentValueChanged(Ljava/awt/event/AdjustmentEvent;)V+14
j  javax.swing.JScrollBar.fireAdjustmentValueChanged(IIIZ)V+66
j  javax.swing.JScrollBar.access$100(Ljavax/swing/JScrollBar;IIIZ)V+6
j  javax.swing.JScrollBar$ModelListener.stateChanged(Ljavax/swing/event/ChangeEvent;)V+54
j  javax.swing.DefaultBoundedRangeModel.fireStateChanged()V+56
j  javax.swing.DefaultBoundedRangeModel.setRangeProperties(IIIIZ)V+130
j  javax.swing.DefaultBoundedRangeModel.setValueIsAdjusting(Z)V+18
j  javax.swing.JScrollBar.setValueIsAdjusting(Z)V+14
j  javax.swing.plaf.basic.BasicScrollBarUI$TrackListener.mousePressed(Ljava/awt/event/MouseEvent;)V+92
j  java.awt.Component.processMouseEvent(Ljava/awt/event/MouseEvent;)V+54
j  javax.swing.JComponent.processMouseEvent(Ljava/awt/event/MouseEvent;)V+23
j  java.awt.Component.processEvent(Ljava/awt/AWTEvent;)V+81
j  java.awt.Container.processEvent(Ljava/awt/AWTEvent;)V+18
j  java.awt.Component.dispatchEventImpl(Ljava/awt/AWTEvent;)V+589
j  java.awt.Container.dispatchEventImpl(Ljava/awt/AWTEvent;)V+42
j  java.awt.Component.dispatchEvent(Ljava/awt/AWTEvent;)V+2
j  java.awt.LightweightDispatcher.retargetMouseEvent(Ljava/awt/Component;ILjava/awt/event/MouseEvent;)V+327
j  java.awt.LightweightDispatcher.processMouseEvent(Ljava/awt/event/MouseEvent;)Z+144
j  java.awt.LightweightDispatcher.dispatchEvent(Ljava/awt/AWTEvent;)Z+50
j  java.awt.Container.dispatchEventImpl(Ljava/awt/AWTEvent;)V+12
j  java.awt.Window.dispatchEventImpl(Ljava/awt/AWTEvent;)V+19
j  java.awt.Component.dispatchEvent(Ljava/awt/AWTEvent;)V+2
j  java.awt.EventQueue.dispatchEventImpl(Ljava/awt/AWTEvent;Ljava/lang/Object;)V+41
j  java.awt.EventQueue.access$500(Ljava/awt/EventQueue;Ljava/awt/AWTEvent;Ljava/lang/Object;)V+3
j  java.awt.EventQueue$3.run()Ljava/lang/Void;+32
j  java.awt.EventQueue$3.run()Ljava/lang/Object;+1
v  ~StubRoutines::call_stub
J 1130  java.security.AccessController.doPrivileged(Ljava/security/PrivilegedAction;Ljava/security/AccessControlContext;)Ljava/lang/Object; (0 bytes) @ 0x000000010b9d1ee3 [0x000000010b9d1e80+0x63]
J 1133 C1 java.security.ProtectionDomain$JavaSecurityAccessImpl.doIntersectionPrivilege(Ljava/security/PrivilegedAction;Ljava/security/AccessControlContext;Ljava/security/AccessControlContext;)Ljava/lang/Object; (22 bytes) @ 0x000000010b9d4b1c [0x000000010b9d46a0+0x47c]
j  java.security.ProtectionDomain$JavaSecurityAccessImpl.doIntersectionPrivilege(Ljava/security/PrivilegedAction;Ljava/security/AccessControlContext;)Ljava/lang/Object;+6
j  java.awt.EventQueue$4.run()Ljava/lang/Void;+11
j  java.awt.EventQueue$4.run()Ljava/lang/Object;+1
v  ~StubRoutines::call_stub
J 1130  java.security.AccessController.doPrivileged(Ljava/security/PrivilegedAction;Ljava/security/AccessControlContext;)Ljava/lang/Object; (0 bytes) @ 0x000000010b9d1ee3 [0x000000010b9d1e80+0x63]
J 1133 C1 java.security.ProtectionDomain$JavaSecurityAccessImpl.doIntersectionPrivilege(Ljava/security/PrivilegedAction;Ljava/security/AccessControlContext;Ljava/security/AccessControlContext;)Ljava/lang/Object; (22 bytes) @ 0x000000010b9d4b1c [0x000000010b9d46a0+0x47c]
j  java.awt.EventQueue.dispatchEvent(Ljava/awt/AWTEvent;)V+73
J 1186 C1 java.awt.EventDispatchThread.pumpOneEventForFilters(I)V (190 bytes) @ 0x000000010b9ed68c [0x000000010b9ec540+0x114c]
j  java.awt.EventDispatchThread.pumpEventsForFilter(ILjava/awt/Conditional;Ljava/awt/EventFilter;)V+35
j  java.awt.EventDispatchThread.pumpEventsForHierarchy(ILjava/awt/Conditional;Ljava/awt/Component;)V+11
j  java.awt.EventDispatchThread.pumpEvents(ILjava/awt/Conditional;)V+4
j  java.awt.EventDispatchThread.pumpEvents(Ljava/awt/Conditional;)V+3
j  java.awt.EventDispatchThread.run()V+9
v  ~StubRoutines::call_stub

---------------  P R O C E S S  ---------------

Java Threads: ( => current thread )
  0x00007f82faa10800 JavaThread "DestroyJavaVM" [_thread_blocked, id=4355, stack(0x000070000ea74000,0x000070000eb74000)]
=>0x00007f82fa16d000 JavaThread "AWT-EventQueue-0" [_thread_in_vm, id=55815, stack(0x00007000104ce000,0x00007000105ce000)]
  0x00007f82fc97a800 JavaThread "Java2D Disposer" daemon [_thread_blocked, id=55315, stack(0x00007000103cb000,0x00007000104cb000)]
  0x00007f82fa10d000 JavaThread "Java2D Queue Flusher" daemon [_thread_blocked, id=51975, stack(0x00007000102c8000,0x00007000103c8000)]
  0x00007f82fa0b3000 JavaThread "AWT-Shutdown" [_thread_blocked, id=27163, stack(0x000070000ff36000,0x0000700010036000)]
  0x00007f82fa0ab000 JavaThread "AppKit Thread" daemon [_thread_in_native, id=775, stack(0x00007ffeee4b1000,0x00007ffeeecb1000)]
  0x00007f82fa043000 JavaThread "Service Thread" daemon [_thread_blocked, id=14851, stack(0x000070000fcad000,0x000070000fdad000)]
  0x00007f82fa80e800 JavaThread "C1 CompilerThread3" daemon [_thread_blocked, id=15875, stack(0x000070000fbaa000,0x000070000fcaa000)]
  0x00007f82fb023800 JavaThread "C2 CompilerThread2" daemon [_thread_blocked, id=14339, stack(0x000070000faa7000,0x000070000fba7000)]
  0x00007f82fb022800 JavaThread "C2 CompilerThread1" daemon [_thread_blocked, id=16387, stack(0x000070000f9a4000,0x000070000faa4000)]
  0x00007f82fa037000 JavaThread "C2 CompilerThread0" daemon [_thread_blocked, id=13571, stack(0x000070000f8a1000,0x000070000f9a1000)]
  0x00007f82fa03c800 JavaThread "Signal Dispatcher" daemon [_thread_blocked, id=16899, stack(0x000070000f79e000,0x000070000f89e000)]
  0x00007f82fc846800 JavaThread "Finalizer" daemon [_thread_blocked, id=12035, stack(0x000070000f595000,0x000070000f695000)]
  0x00007f82fa023000 JavaThread "Reference Handler" daemon [_thread_blocked, id=19715, stack(0x000070000f492000,0x000070000f592000)]

Other Threads:
  0x00007f82fc844000 VMThread [stack: 0x000070000f38f000,0x000070000f48f000] [id=20227]
  0x00007f82fa040800 WatcherThread [stack: 0x000070000fdb0000,0x000070000feb0000] [id=15363]

VM state:not at safepoint (normal execution)

VM Mutex/Monitor currently owned by a thread: None

Heap:
 PSYoungGen      total 76288K, used 17048K [0x000000076ab00000, 0x0000000770000000, 0x00000007c0000000)
  eden space 65536K, 26% used [0x000000076ab00000,0x000000076bba6178,0x000000076eb00000)
  from space 10752K, 0% used [0x000000076f580000,0x000000076f580000,0x0000000770000000)
  to   space 10752K, 0% used [0x000000076eb00000,0x000000076eb00000,0x000000076f580000)
 ParOldGen       total 175104K, used 0K [0x00000006c0000000, 0x00000006cab00000, 0x000000076ab00000)
  object space 175104K, 0% used [0x00000006c0000000,0x00000006c0000000,0x00000006cab00000)
 Metaspace       used 15428K, capacity 15742K, committed 16000K, reserved 1062912K
  class space    used 2029K, capacity 2103K, committed 2176K, reserved 1048576K

Card table byte_map: [0x00000001033ae000,0x0000000103baf000] byte_map_base: 0x00000000ffdae000

Marking Bits: (ParMarkBitMap*) 0x00000001028f76e0
 Begin Bits: [0x000000011a622000, 0x000000011e622000)
 End Bits:   [0x000000011e622000, 0x0000000122622000)

Polling page: 0x0000000100fc2000

CodeCache: size=245760Kb used=3900Kb max_used=3900Kb free=241859Kb
 bounds [0x000000010b622000, 0x000000010ba02000, 0x000000011a622000]
 total_blobs=1836 nmethods=1188 adapters=561
 compilation: enabled

Compilation events (10 events):
Event: 4.058 Thread 0x00007f82fa80e800 1184       3       java.awt.EventQueue::coalesceEvent (86 bytes)
Event: 4.059 Thread 0x00007f82fa80e800 nmethod 1184 0x000000010b9eb110 code [0x000000010b9eb300, 0x000000010b9ec018]
Event: 4.059 Thread 0x00007f82fa80e800 1186   !   3       java.awt.EventDispatchThread::pumpOneEventForFilters (190 bytes)
Event: 4.060 Thread 0x00007f82fa80e800 nmethod 1186 0x000000010b9ec210 code [0x000000010b9ec540, 0x000000010b9edca8]
Event: 4.060 Thread 0x00007f82fa80e800 1185       3       java.awt.EventQueue::cacheEQItem (60 bytes)
Event: 4.060 Thread 0x00007f82fa80e800 nmethod 1185 0x000000010b9eedd0 code [0x000000010b9eef80, 0x000000010b9ef6e8]
Event: 4.311 Thread 0x00007f82fa80e800 1187       3       java.nio.Buffer::checkIndex (22 bytes)
Event: 4.311 Thread 0x00007f82fa80e800 nmethod 1187 0x000000010b9ef910 code [0x000000010b9efa80, 0x000000010b9efd08]
Event: 4.311 Thread 0x00007f82fa80e800 1188       3       java.nio.DirectLongBufferU::ix (10 bytes)
Event: 4.311 Thread 0x00007f82fa80e800 nmethod 1188 0x000000010b9e8210 code [0x000000010b9e8360, 0x000000010b9e84d0]

GC Heap History (0 events):
No events

Deoptimization events (10 events):
Event: 1.784 Thread 0x00007f82fa16d000 Uncommon trap: reason=bimorphic action=maybe_recompile pc=0x000000010b8435d4 method=java.util.HashMap.putVal(ILjava/lang/Object;Ljava/lang/Object;ZZ)Ljava/lang/Object; @ 152
Event: 1.784 Thread 0x00007f82fa16d000 Uncommon trap: reason=bimorphic action=maybe_recompile pc=0x000000010b8435d4 method=java.util.HashMap.putVal(ILjava/lang/Object;Ljava/lang/Object;ZZ)Ljava/lang/Object; @ 152
Event: 2.212 Thread 0x00007f82fa16d000 Uncommon trap: reason=unstable_if action=reinterpret pc=0x000000010b8c17fc method=java.util.zip.ZipFile$ZipFileInputStream.read([BII)I @ 46
Event: 2.212 Thread 0x00007f82fa16d000 Uncommon trap: reason=unstable_if action=reinterpret pc=0x000000010b8cae54 method=java.util.zip.InflaterInputStream.read([BII)I @ 69
Event: 2.797 Thread 0x00007f82fa16d000 Uncommon trap: reason=unstable_if action=reinterpret pc=0x000000010b81258c method=javax.swing.plaf.nimbus.DerivedColor.equals(Ljava/lang/Object;)Z @ 45
Event: 2.882 Thread 0x00007f82fa16d000 Uncommon trap: reason=class_check action=maybe_recompile pc=0x000000010b78aa58 method=java.lang.String.equals(Ljava/lang/Object;)Z @ 8
Event: 2.882 Thread 0x00007f82fa16d000 Uncommon trap: reason=class_check action=maybe_recompile pc=0x000000010b78aa58 method=java.lang.String.equals(Ljava/lang/Object;)Z @ 8
Event: 2.883 Thread 0x00007f82fa16d000 Uncommon trap: reason=class_check action=maybe_recompile pc=0x000000010b78aa58 method=java.lang.String.equals(Ljava/lang/Object;)Z @ 8
Event: 2.883 Thread 0x00007f82fa16d000 Uncommon trap: reason=class_check action=maybe_recompile pc=0x000000010b78aa58 method=java.lang.String.equals(Ljava/lang/Object;)Z @ 8
Event: 4.310 Thread 0x00007f82fa16d000 Uncommon trap: reason=unstable_if action=reinterpret pc=0x000000010b8c45b8 method=java.util.zip.ZipFile$ZipFileInputStream.read([BII)I @ 46

Classes redefined (0 events):
No events

Internal exceptions (10 events):
Event: 0.498 Thread 0x00007f82fa00e800 Exception <a 'java/lang/ClassNotFoundException': Tree> (0x000000076b1a6308) thrown at [/Users/java_re/workspace/8-2-build-macosx-x86_64/jdk8u171/10807/hotspot/src/share/vm/classfile/systemDictionary.cpp, line 210]
Event: 0.498 Thread 0x00007f82fa00e800 Exception <a 'java/lang/ClassNotFoundException': javax/swing/JTreeCell> (0x000000076b1a6688) thrown at [/Users/java_re/workspace/8-2-build-macosx-x86_64/jdk8u171/10807/hotspot/src/share/vm/classfile/systemDictionary.cpp, line 210]
Event: 0.498 Thread 0x00007f82fa00e800 Exception <a 'java/lang/ClassNotFoundException': TreeCell> (0x000000076b1a6b10) thrown at [/Users/java_re/workspace/8-2-build-macosx-x86_64/jdk8u171/10807/hotspot/src/share/vm/classfile/systemDictionary.cpp, line 210]
Event: 0.499 Thread 0x00007f82fa00e800 Exception <a 'java/lang/ClassNotFoundException': RootPane> (0x000000076b1a74c8) thrown at [/Users/java_re/workspace/8-2-build-macosx-x86_64/jdk8u171/10807/hotspot/src/share/vm/classfile/systemDictionary.cpp, line 210]
Event: 0.604 Thread 0x00007f82fa16d000 Exception <a 'java/lang/NullPointerException'> (0x000000076b3ea488) thrown at [/Users/java_re/workspace/8-2-build-macosx-x86_64/jdk8u171/10807/hotspot/src/share/vm/prims/jni.cpp, line 735]
Event: 1.791 Thread 0x00007f82fa16d000 Exception <a 'sun/nio/fs/UnixException'> (0x000000076b8e20c8) thrown at [/Users/java_re/workspace/8-2-build-macosx-x86_64/jdk8u171/10807/hotspot/src/share/vm/prims/jni.cpp, line 709]
Event: 1.792 Thread 0x00007f82fa16d000 Exception <a 'sun/nio/fs/UnixException'> (0x000000076b8e2a08) thrown at [/Users/java_re/workspace/8-2-build-macosx-x86_64/jdk8u171/10807/hotspot/src/share/vm/prims/jni.cpp, line 709]
Event: 1.792 Thread 0x00007f82fa16d000 Exception <a 'sun/nio/fs/UnixException'> (0x000000076b8e3028) thrown at [/Users/java_re/workspace/8-2-build-macosx-x86_64/jdk8u171/10807/hotspot/src/share/vm/prims/jni.cpp, line 709]
Event: 1.793 Thread 0x00007f82fa16d000 Exception <a 'sun/nio/fs/UnixException'> (0x000000076b8e3638) thrown at [/Users/java_re/workspace/8-2-build-macosx-x86_64/jdk8u171/10807/hotspot/src/share/vm/prims/jni.cpp, line 709]
Event: 1.793 Thread 0x00007f82fa16d000 Exception <a 'sun/nio/fs/UnixException'> (0x000000076b8e3c28) thrown at [/Users/java_re/workspace/8-2-build-macosx-x86_64/jdk8u171/10807/hotspot/src/share/vm/prims/jni.cpp, line 709]

Events (10 events):
Event: 4.106 Executing VM operation: EnableBiasedLocking done
Event: 4.310 loading class java/awt/event/AdjustmentEvent
Event: 4.310 loading class java/awt/event/AdjustmentEvent done
Event: 4.310 loading class org/opencv/imgcodecs/Imgcodecs
Event: 4.310 loading class org/opencv/imgcodecs/Imgcodecs done
Event: 4.310 Thread 0x00007f82fa16d000 Uncommon trap: trap_request=0xffffff65 fr.pc=0x000000010b8c45b8
Event: 4.310 Thread 0x00007f82fa16d000 DEOPT PACKING pc=0x000000010b8c45b8 sp=0x00007000105c9060
Event: 4.310 Thread 0x00007f82fa16d000 DEOPT UNPACKING pc=0x000000010b66773a sp=0x00007000105c8f68 mode 2
Event: 4.311 loading class org/opencv/core/MatOfByte
Event: 4.311 loading class org/opencv/core/MatOfByte done


Dynamic libraries:
0x0000000007cb0000 	/System/Library/Frameworks/Cocoa.framework/Versions/A/Cocoa
0x0000000007cb0000 	/System/Library/Frameworks/Security.framework/Versions/A/Security
0x0000000007cb0000 	/System/Library/Frameworks/ApplicationServices.framework/Versions/A/ApplicationServices
0x0000000007cb0000 	/usr/lib/libz.1.dylib
0x0000000007cb0000 	/usr/lib/libSystem.B.dylib
0x0000000007cb0000 	/usr/lib/libobjc.A.dylib
0x0000000007cb0000 	/System/Library/Frameworks/CoreFoundation.framework/Versions/A/CoreFoundation
0x0000000007cb0000 	/System/Library/Frameworks/Foundation.framework/Versions/C/Foundation
0x0000000007cb0000 	/System/Library/Frameworks/AppKit.framework/Versions/C/AppKit
0x0000000007cb0000 	/System/Library/Frameworks/CoreData.framework/Versions/A/CoreData
0x0000000007cb0000 	/System/Library/PrivateFrameworks/UIFoundation.framework/Versions/A/UIFoundation
0x0000000007cb0000 	/System/Library/PrivateFrameworks/RemoteViewServices.framework/Versions/A/RemoteViewServices
0x0000000007cb0000 	/System/Library/PrivateFrameworks/XCTTargetBootstrap.framework/Versions/A/XCTTargetBootstrap
0x0000000007cb0000 	/System/Library/Frameworks/CoreDisplay.framework/Versions/A/CoreDisplay
0x0000000007cb0000 	/System/Library/Frameworks/Metal.framework/Versions/A/Metal
0x0000000007cb0000 	/System/Library/PrivateFrameworks/DesktopServicesPriv.framework/Versions/A/DesktopServicesPriv
0x0000000007cb0000 	/usr/lib/liblangid.dylib
0x0000000007cb0000 	/System/Library/PrivateFrameworks/CoreSVG.framework/Versions/A/CoreSVG
0x0000000007cb0000 	/System/Library/PrivateFrameworks/SkyLight.framework/Versions/A/SkyLight
0x0000000007cb0000 	/System/Library/Frameworks/CoreGraphics.framework/Versions/A/CoreGraphics
0x0000000007cb0000 	/System/Library/Frameworks/Accelerate.framework/Versions/A/Accelerate
0x0000000007cb0000 	/usr/lib/libxml2.2.dylib
0x0000000007cb0000 	/System/Library/PrivateFrameworks/IconServices.framework/Versions/A/IconServices
0x0000000007cb0000 	/System/Library/Frameworks/IOSurface.framework/Versions/A/IOSurface
0x0000000007cb0000 	/usr/lib/libDiagnosticMessagesClient.dylib
0x0000000007cb0000 	/System/Library/PrivateFrameworks/DFRFoundation.framework/Versions/A/DFRFoundation
0x0000000007cb0000 	/usr/lib/libicucore.A.dylib
0x0000000007cb0000 	/System/Library/Frameworks/AudioToolbox.framework/Versions/A/AudioToolbox
0x0000000007cb0000 	/System/Library/Frameworks/AudioUnit.framework/Versions/A/AudioUnit
0x0000000007cb0000 	/usr/lib/libauto.dylib
0x0000000007cb0000 	/System/Library/PrivateFrameworks/DataDetectorsCore.framework/Versions/A/DataDetectorsCore
0x0000000007cb0000 	/System/Library/Frameworks/Carbon.framework/Versions/A/Frameworks/HIToolbox.framework/Versions/A/HIToolbox
0x0000000007cb0000 	/System/Library/Frameworks/QuartzCore.framework/Versions/A/QuartzCore
0x0000000007cb0000 	/System/Library/Frameworks/Carbon.framework/Versions/A/Frameworks/SpeechRecognition.framework/Versions/A/SpeechRecognition
0x0000000007cb0000 	/System/Library/PrivateFrameworks/CoreUI.framework/Versions/A/CoreUI
0x0000000007cb0000 	/System/Library/Frameworks/CoreAudio.framework/Versions/A/CoreAudio
0x0000000007cb0000 	/System/Library/Frameworks/DiskArbitration.framework/Versions/A/DiskArbitration
0x0000000007cb0000 	/System/Library/PrivateFrameworks/MultitouchSupport.framework/Versions/A/MultitouchSupport
0x0000000007cb0000 	/usr/lib/libenergytrace.dylib
0x0000000007cb0000 	/System/Library/Frameworks/IOKit.framework/Versions/A/IOKit
0x0000000007cb0000 	/System/Library/Frameworks/CoreServices.framework/Versions/A/CoreServices
0x0000000007cb0000 	/System/Library/PrivateFrameworks/PerformanceAnalysis.framework/Versions/A/PerformanceAnalysis
0x0000000007cb0000 	/System/Library/Frameworks/OpenGL.framework/Versions/A/OpenGL
0x0000000007cb0000 	/System/Library/Frameworks/ColorSync.framework/Versions/A/ColorSync
0x0000000007cb0000 	/System/Library/Frameworks/CoreImage.framework/Versions/A/CoreImage
0x0000000007cb0000 	/System/Library/Frameworks/CoreText.framework/Versions/A/CoreText
0x0000000007cb0000 	/System/Library/Frameworks/ImageIO.framework/Versions/A/ImageIO
0x0000000007cb0000 	/usr/lib/libc++.1.dylib
0x0000000007cb0000 	/usr/lib/libcompression.dylib
0x0000000007cb0000 	/usr/lib/libMobileGestalt.dylib
0x0000000007cb0000 	/System/Library/PrivateFrameworks/TextureIO.framework/Versions/A/TextureIO
0x0000000007cb0000 	/usr/lib/libate.dylib
0x0000000007cb0000 	/System/Library/PrivateFrameworks/InternationalSupport.framework/Versions/A/InternationalSupport
0x0000000007cb0000 	/usr/lib/system/libcache.dylib
0x0000000007cb0000 	/usr/lib/system/libcommonCrypto.dylib
0x0000000007cb0000 	/usr/lib/system/libcompiler_rt.dylib
0x0000000007cb0000 	/usr/lib/system/libcopyfile.dylib
0x0000000007cb0000 	/usr/lib/system/libcorecrypto.dylib
0x0000000007cb0000 	/usr/lib/system/libdispatch.dylib
0x0000000007cb0000 	/usr/lib/system/libdyld.dylib
0x0000000007cb0000 	/usr/lib/system/libkeymgr.dylib
0x0000000007cb0000 	/usr/lib/system/liblaunch.dylib
0x0000000007cb0000 	/usr/lib/system/libmacho.dylib
0x0000000007cb0000 	/usr/lib/system/libquarantine.dylib
0x0000000007cb0000 	/usr/lib/system/libremovefile.dylib
0x0000000007cb0000 	/usr/lib/system/libsystem_asl.dylib
0x0000000007cb0000 	/usr/lib/system/libsystem_blocks.dylib
0x0000000007cb0000 	/usr/lib/system/libsystem_c.dylib
0x0000000007cb0000 	/usr/lib/system/libsystem_configuration.dylib
0x0000000007cb0000 	/usr/lib/system/libsystem_coreservices.dylib
0x0000000007cb0000 	/usr/lib/system/libsystem_darwin.dylib
0x0000000007cb0000 	/usr/lib/system/libsystem_dnssd.dylib
0x0000000007cb0000 	/usr/lib/system/libsystem_featureflags.dylib
0x0000000007cb0000 	/usr/lib/system/libsystem_info.dylib
0x0000000007cb0000 	/usr/lib/system/libsystem_m.dylib
0x0000000007cb0000 	/usr/lib/system/libsystem_malloc.dylib
0x0000000007cb0000 	/usr/lib/system/libsystem_networkextension.dylib
0x0000000007cb0000 	/usr/lib/system/libsystem_notify.dylib
0x0000000007cb0000 	/usr/lib/system/libsystem_sandbox.dylib
0x0000000007cb0000 	/usr/lib/system/libsystem_secinit.dylib
0x0000000007cb0000 	/usr/lib/system/libsystem_kernel.dylib
0x0000000007cb0000 	/usr/lib/system/libsystem_platform.dylib
0x0000000007cb0000 	/usr/lib/system/libsystem_pthread.dylib
0x0000000007cb0000 	/usr/lib/system/libsystem_symptoms.dylib
0x0000000007cb0000 	/usr/lib/system/libsystem_trace.dylib
0x0000000007cb0000 	/usr/lib/system/libunwind.dylib
0x0000000007cb0000 	/usr/lib/system/libxpc.dylib
0x0000000007cb0000 	/usr/lib/libc++abi.dylib
0x0000000007cb0000 	/usr/lib/liblzma.5.dylib
0x0000000007cb0000 	/usr/lib/libfakelink.dylib
0x0000000007cb0000 	/usr/lib/libarchive.2.dylib
0x0000000007cb0000 	/System/Library/Frameworks/SystemConfiguration.framework/Versions/A/SystemConfiguration
0x0000000007cb0000 	/usr/lib/libCRFSuite.dylib
0x0000000007cb0000 	/System/Library/Frameworks/CFNetwork.framework/Versions/A/CFNetwork
0x0000000007cb0000 	/usr/lib/libbsm.0.dylib
0x0000000007cb0000 	/usr/lib/system/libkxld.dylib
0x0000000007cb0000 	/System/Library/PrivateFrameworks/AppleFSCompression.framework/Versions/A/AppleFSCompression
0x0000000007cb0000 	/usr/lib/libcoretls.dylib
0x0000000007cb0000 	/usr/lib/libcoretls_cfhelpers.dylib
0x0000000007cb0000 	/usr/lib/libpam.2.dylib
0x0000000007cb0000 	/usr/lib/libsqlite3.dylib
0x0000000007cb0000 	/usr/lib/libxar.1.dylib
0x0000000007cb0000 	/usr/lib/libbz2.1.0.dylib
0x0000000007cb0000 	/usr/lib/libiconv.2.dylib
0x0000000007cb0000 	/usr/lib/libcharset.1.dylib
0x0000000007cb0000 	/usr/lib/libnetwork.dylib
0x0000000007cb0000 	/usr/lib/libpcap.A.dylib
0x0000000007cb0000 	/usr/lib/libapple_nghttp2.dylib
0x0000000007cb0000 	/System/Library/Frameworks/CoreServices.framework/Versions/A/Frameworks/FSEvents.framework/Versions/A/FSEvents
0x0000000007cb0000 	/System/Library/Frameworks/CoreServices.framework/Versions/A/Frameworks/CarbonCore.framework/Versions/A/CarbonCore
0x0000000007cb0000 	/System/Library/Frameworks/CoreServices.framework/Versions/A/Frameworks/Metadata.framework/Versions/A/Metadata
0x0000000007cb0000 	/System/Library/Frameworks/CoreServices.framework/Versions/A/Frameworks/OSServices.framework/Versions/A/OSServices
0x0000000007cb0000 	/System/Library/Frameworks/CoreServices.framework/Versions/A/Frameworks/SearchKit.framework/Versions/A/SearchKit
0x0000000007cb0000 	/System/Library/Frameworks/CoreServices.framework/Versions/A/Frameworks/AE.framework/Versions/A/AE
0x0000000007cb0000 	/System/Library/Frameworks/CoreServices.framework/Versions/A/Frameworks/LaunchServices.framework/Versions/A/LaunchServices
0x0000000007cb0000 	/System/Library/Frameworks/CoreServices.framework/Versions/A/Frameworks/DictionaryServices.framework/Versions/A/DictionaryServices
0x0000000007cb0000 	/System/Library/Frameworks/CoreServices.framework/Versions/A/Frameworks/SharedFileList.framework/Versions/A/SharedFileList
0x0000000007cb0000 	/System/Library/Frameworks/NetFS.framework/Versions/A/NetFS
0x0000000007cb0000 	/System/Library/PrivateFrameworks/NetAuth.framework/Versions/A/NetAuth
0x0000000007cb0000 	/System/Library/PrivateFrameworks/login.framework/Versions/A/Frameworks/loginsupport.framework/Versions/A/loginsupport
0x0000000007cb0000 	/System/Library/PrivateFrameworks/TCC.framework/Versions/A/TCC
0x0000000007cb0000 	/System/Library/PrivateFrameworks/CoreNLP.framework/Versions/A/CoreNLP
0x0000000007cb0000 	/System/Library/PrivateFrameworks/MetadataUtilities.framework/Versions/A/MetadataUtilities
0x0000000007cb0000 	/usr/lib/libmecabra.dylib
0x0000000007cb0000 	/usr/lib/libmecab.dylib
0x0000000007cb0000 	/usr/lib/libgermantok.dylib
0x0000000007cb0000 	/usr/lib/libThaiTokenizer.dylib
0x0000000007cb0000 	/usr/lib/libChineseTokenizer.dylib
0x0000000007cb0000 	/System/Library/Frameworks/Accelerate.framework/Versions/A/Frameworks/vImage.framework/Versions/A/vImage
0x0000000007cb0000 	/System/Library/Frameworks/Accelerate.framework/Versions/A/Frameworks/vecLib.framework/Versions/A/vecLib
0x0000000007cb0000 	/System/Library/Frameworks/Accelerate.framework/Versions/A/Frameworks/vecLib.framework/Versions/A/libvMisc.dylib
0x0000000007cb0000 	/System/Library/Frameworks/Accelerate.framework/Versions/A/Frameworks/vecLib.framework/Versions/A/libvDSP.dylib
0x0000000007cb0000 	/System/Library/Frameworks/Accelerate.framework/Versions/A/Frameworks/vecLib.framework/Versions/A/libBLAS.dylib
0x0000000007cb0000 	/System/Library/Frameworks/Accelerate.framework/Versions/A/Frameworks/vecLib.framework/Versions/A/libLAPACK.dylib
0x0000000007cb0000 	/System/Library/Frameworks/Accelerate.framework/Versions/A/Frameworks/vecLib.framework/Versions/A/libLinearAlgebra.dylib
0x0000000007cb0000 	/System/Library/Frameworks/Accelerate.framework/Versions/A/Frameworks/vecLib.framework/Versions/A/libSparseBLAS.dylib
0x0000000007cb0000 	/System/Library/Frameworks/Accelerate.framework/Versions/A/Frameworks/vecLib.framework/Versions/A/libQuadrature.dylib
0x0000000007cb0000 	/System/Library/Frameworks/Accelerate.framework/Versions/A/Frameworks/vecLib.framework/Versions/A/libBNNS.dylib
0x0000000007cb0000 	/System/Library/Frameworks/Accelerate.framework/Versions/A/Frameworks/vecLib.framework/Versions/A/libSparse.dylib
0x0000000007cb0000 	/System/Library/PrivateFrameworks/LanguageModeling.framework/Versions/A/LanguageModeling
0x0000000007cb0000 	/System/Library/PrivateFrameworks/CoreEmoji.framework/Versions/A/CoreEmoji
0x0000000007cb0000 	/System/Library/PrivateFrameworks/LinguisticData.framework/Versions/A/LinguisticData
0x0000000007cb0000 	/System/Library/PrivateFrameworks/Lexicon.framework/Versions/A/Lexicon
0x0000000007cb0000 	/usr/lib/libcmph.dylib
0x0000000007cb0000 	/System/Library/Frameworks/OpenDirectory.framework/Versions/A/Frameworks/CFOpenDirectory.framework/Versions/A/CFOpenDirectory
0x0000000007cb0000 	/System/Library/Frameworks/OpenDirectory.framework/Versions/A/OpenDirectory
0x0000000007cb0000 	/System/Library/PrivateFrameworks/APFS.framework/Versions/A/APFS
0x0000000007cb0000 	/System/Library/Frameworks/SecurityFoundation.framework/Versions/A/SecurityFoundation
0x0000000007cb0000 	/usr/lib/libutil.dylib
0x0000000007cb0000 	/System/Library/PrivateFrameworks/CoreServicesStore.framework/Versions/A/CoreServicesStore
0x0000000007cb0000 	/System/Library/Frameworks/ServiceManagement.framework/Versions/A/ServiceManagement
0x0000000007cb0000 	/System/Library/PrivateFrameworks/BackgroundTaskManagement.framework/Versions/A/BackgroundTaskManagement
0x0000000007cb0000 	/usr/lib/libxslt.1.dylib
0x0000000007cb0000 	/System/Library/PrivateFrameworks/AppleSystemInfo.framework/Versions/A/AppleSystemInfo
0x0000000007cb0000 	/System/Library/Frameworks/ImageIO.framework/Versions/A/Resources/libJPEG.dylib
0x0000000007cb0000 	/System/Library/Frameworks/ImageIO.framework/Versions/A/Resources/libTIFF.dylib
0x0000000007cb0000 	/System/Library/Frameworks/ImageIO.framework/Versions/A/Resources/libPng.dylib
0x0000000007cb0000 	/System/Library/Frameworks/ImageIO.framework/Versions/A/Resources/libGIF.dylib
0x0000000007cb0000 	/System/Library/Frameworks/ImageIO.framework/Versions/A/Resources/libJP2.dylib
0x0000000007cb0000 	/System/Library/Frameworks/ImageIO.framework/Versions/A/Resources/libRadiance.dylib
0x0000000007cb0000 	/usr/lib/libexpat.1.dylib
0x0000000007cb0000 	/System/Library/PrivateFrameworks/AppleJPEG.framework/Versions/A/AppleJPEG
0x0000000007cb0000 	/System/Library/PrivateFrameworks/FontServices.framework/libFontParser.dylib
0x0000000007cb0000 	/System/Library/PrivateFrameworks/WatchdogClient.framework/Versions/A/WatchdogClient
0x0000000007cb0000 	/System/Library/PrivateFrameworks/IOAccelerator.framework/Versions/A/IOAccelerator
0x0000000007cb0000 	/System/Library/Frameworks/MetalPerformanceShaders.framework/Versions/A/MetalPerformanceShaders
0x0000000007cb0000 	/System/Library/PrivateFrameworks/GPUWrangler.framework/Versions/A/GPUWrangler
0x0000000007cb0000 	/System/Library/PrivateFrameworks/IOPresentment.framework/Versions/A/IOPresentment
0x0000000007cb0000 	/System/Library/PrivateFrameworks/DSExternalDisplay.framework/Versions/A/DSExternalDisplay
0x0000000007cb0000 	/System/Library/Frameworks/OpenGL.framework/Versions/A/Libraries/libCoreFSCache.dylib
0x0000000007cb0000 	/System/Library/Frameworks/MetalPerformanceShaders.framework/Frameworks/MPSCore.framework/Versions/A/MPSCore
0x0000000007cb0000 	/System/Library/Frameworks/MetalPerformanceShaders.framework/Frameworks/MPSImage.framework/Versions/A/MPSImage
0x0000000007cb0000 	/System/Library/Frameworks/MetalPerformanceShaders.framework/Frameworks/MPSNeuralNetwork.framework/Versions/A/MPSNeuralNetwork
0x0000000007cb0000 	/System/Library/Frameworks/MetalPerformanceShaders.framework/Frameworks/MPSMatrix.framework/Versions/A/MPSMatrix
0x0000000007cb0000 	/System/Library/Frameworks/MetalPerformanceShaders.framework/Frameworks/MPSRayIntersector.framework/Versions/A/MPSRayIntersector
0x0000000007cb0000 	/System/Library/Frameworks/MetalPerformanceShaders.framework/Frameworks/MPSNDArray.framework/Versions/A/MPSNDArray
0x0000000007cb0000 	/System/Library/PrivateFrameworks/MetalTools.framework/Versions/A/MetalTools
0x0000000007cb0000 	/System/Library/PrivateFrameworks/AggregateDictionary.framework/Versions/A/AggregateDictionary
0x0000000007cb0000 	/System/Library/PrivateFrameworks/CoreAnalytics.framework/Versions/A/CoreAnalytics
0x0000000007cb0000 	/System/Library/PrivateFrameworks/AppleSauce.framework/Versions/A/AppleSauce
0x0000000007cb0000 	/usr/lib/libIOReport.dylib
0x0000000007cb0000 	/System/Library/Frameworks/CoreVideo.framework/Versions/A/CoreVideo
0x0000000007cb0000 	/System/Library/PrivateFrameworks/GraphVisualizer.framework/Versions/A/GraphVisualizer
0x0000000007cb0000 	/System/Library/PrivateFrameworks/FaceCore.framework/Versions/A/FaceCore
0x0000000007cb0000 	/System/Library/Frameworks/OpenCL.framework/Versions/A/OpenCL
0x0000000007cb0000 	/usr/lib/libFosl_dynamic.dylib
0x0000000007cb0000 	/System/Library/PrivateFrameworks/OTSVG.framework/Versions/A/OTSVG
0x0000000007cb0000 	/System/Library/Frameworks/ApplicationServices.framework/Versions/A/Frameworks/ATS.framework/Versions/A/Resources/libFontRegistry.dylib
0x0000000007cb0000 	/System/Library/PrivateFrameworks/FontServices.framework/libhvf.dylib
0x0000000007cb0000 	/System/Library/Frameworks/OpenGL.framework/Versions/A/Libraries/libGFXShared.dylib
0x0000000007cb0000 	/System/Library/Frameworks/OpenGL.framework/Versions/A/Libraries/libGLU.dylib
0x0000000007cb0000 	/System/Library/Frameworks/OpenGL.framework/Versions/A/Libraries/libGL.dylib
0x0000000007cb0000 	/System/Library/Frameworks/OpenGL.framework/Versions/A/Libraries/libGLImage.dylib
0x0000000007cb0000 	/System/Library/Frameworks/OpenGL.framework/Versions/A/Libraries/libCVMSPluginSupport.dylib
0x0000000007cb0000 	/System/Library/Frameworks/OpenGL.framework/Versions/A/Libraries/libCoreVMClient.dylib
0x0000000007cb0000 	/usr/lib/libncurses.5.4.dylib
0x0000000007cb0000 	/System/Library/Frameworks/ApplicationServices.framework/Versions/A/Frameworks/ATS.framework/Versions/A/ATS
0x0000000007cb0000 	/System/Library/Frameworks/ApplicationServices.framework/Versions/A/Frameworks/ColorSyncLegacy.framework/Versions/A/ColorSyncLegacy
0x0000000007cb0000 	/System/Library/Frameworks/ApplicationServices.framework/Versions/A/Frameworks/HIServices.framework/Versions/A/HIServices
0x0000000007cb0000 	/System/Library/Frameworks/ApplicationServices.framework/Versions/A/Frameworks/LangAnalysis.framework/Versions/A/LangAnalysis
0x0000000007cb0000 	/System/Library/Frameworks/ApplicationServices.framework/Versions/A/Frameworks/PrintCore.framework/Versions/A/PrintCore
0x0000000007cb0000 	/System/Library/Frameworks/ApplicationServices.framework/Versions/A/Frameworks/QD.framework/Versions/A/QD
0x0000000007cb0000 	/System/Library/Frameworks/ApplicationServices.framework/Versions/A/Frameworks/SpeechSynthesis.framework/Versions/A/SpeechSynthesis
0x0000000007cb0000 	/System/Library/Frameworks/ApplicationServices.framework/Versions/A/Frameworks/ATSUI.framework/Versions/A/ATSUI
0x0000000007cb0000 	/usr/lib/libcups.2.dylib
0x0000000007cb0000 	/System/Library/Frameworks/Kerberos.framework/Versions/A/Kerberos
0x0000000007cb0000 	/System/Library/Frameworks/GSS.framework/Versions/A/GSS
0x0000000007cb0000 	/usr/lib/libresolv.9.dylib
0x0000000007cb0000 	/System/Library/PrivateFrameworks/Heimdal.framework/Versions/A/Heimdal
0x0000000007cb0000 	/System/Library/Frameworks/Kerberos.framework/Versions/A/Libraries/libHeimdalProxy.dylib
0x0000000007cb0000 	/usr/lib/libheimdal-asn1.dylib
0x0000000007cb0000 	/System/Library/PrivateFrameworks/CommonAuth.framework/Versions/A/CommonAuth
0x0000000007cb0000 	/System/Library/PrivateFrameworks/AssertionServices.framework/Versions/A/AssertionServices
0x0000000007cb0000 	/System/Library/PrivateFrameworks/AudioToolboxCore.framework/Versions/A/AudioToolboxCore
0x0000000007cb0000 	/System/Library/PrivateFrameworks/caulk.framework/Versions/A/caulk
0x0000000007cb0000 	/System/Library/PrivateFrameworks/BaseBoard.framework/Versions/A/BaseBoard
0x0000000007cb0000 	/System/Library/PrivateFrameworks/RunningBoardServices.framework/Versions/A/RunningBoardServices
0x0000000007cb0000 	/System/Library/PrivateFrameworks/PersistentConnection.framework/Versions/A/PersistentConnection
0x0000000007cb0000 	/System/Library/PrivateFrameworks/ProtocolBuffer.framework/Versions/A/ProtocolBuffer
0x0000000007cb0000 	/System/Library/PrivateFrameworks/CommonUtilities.framework/Versions/A/CommonUtilities
0x0000000007cb0000 	/System/Library/PrivateFrameworks/Bom.framework/Versions/A/Bom
0x0000000007cb0000 	/usr/lib/libAudioToolboxUtility.dylib
0x0000000007cb0000 	/System/Library/PrivateFrameworks/Backup.framework/Versions/A/Backup
0x0000000007cb0000 	/System/Library/PrivateFrameworks/CrashReporterSupport.framework/Versions/A/CrashReporterSupport
0x0000000007cb0000 	/System/Library/PrivateFrameworks/Sharing.framework/Versions/A/Sharing
0x0000000007cb0000 	/System/Library/PrivateFrameworks/Apple80211.framework/Versions/A/Apple80211
0x0000000007cb0000 	/System/Library/PrivateFrameworks/AuthKit.framework/Versions/A/AuthKit
0x0000000007cb0000 	/System/Library/PrivateFrameworks/CoreUtils.framework/Versions/A/CoreUtils
0x0000000007cb0000 	/System/Library/Frameworks/CoreWLAN.framework/Versions/A/CoreWLAN
0x0000000007cb0000 	/System/Library/Frameworks/IOBluetooth.framework/Versions/A/IOBluetooth
0x0000000007cb0000 	/System/Library/PrivateFrameworks/MobileKeyBag.framework/Versions/A/MobileKeyBag
0x0000000007cb0000 	/System/Library/PrivateFrameworks/CorePhoneNumbers.framework/Versions/A/CorePhoneNumbers
0x0000000007cb0000 	/System/Library/PrivateFrameworks/AppleIDAuthSupport.framework/Versions/A/AppleIDAuthSupport
0x0000000007cb0000 	/System/Library/Frameworks/Network.framework/Versions/A/Network
0x0000000007cb0000 	/System/Library/PrivateFrameworks/KeychainCircle.framework/Versions/A/KeychainCircle
0x0000000007cb0000 	/System/Library/Frameworks/CoreBluetooth.framework/Versions/A/CoreBluetooth
0x0000000007cb0000 	/System/Library/PrivateFrameworks/SpeechRecognitionCore.framework/Versions/A/SpeechRecognitionCore
0x0000000102000000 	/Library/Java/JavaVirtualMachines/jdk1.8.0_171.jdk/Contents/Home/jre/lib/server/libjvm.dylib
0x0000000007cb0000 	/usr/lib/libstdc++.6.dylib
0x0000000100f7e000 	/Library/Java/JavaVirtualMachines/jdk1.8.0_171.jdk/Contents/Home/jre/lib/libverify.dylib
0x0000000100f8c000 	/Library/Java/JavaVirtualMachines/jdk1.8.0_171.jdk/Contents/Home/jre/lib/libjava.dylib
0x0000000100fcc000 	/Library/Java/JavaVirtualMachines/jdk1.8.0_171.jdk/Contents/Home/jre/lib/libzip.dylib
0x0000000106e87000 	/Library/Java/JavaVirtualMachines/jdk1.8.0_171.jdk/Contents/Home/jre/lib/libawt.dylib
0x0000000106f31000 	/Library/Java/JavaVirtualMachines/jdk1.8.0_171.jdk/Contents/Home/jre/lib/libmlib_image.dylib
0x0000000007cb0000 	/System/Library/Frameworks/JavaVM.framework/Versions/A/Frameworks/JavaNativeFoundation.framework/Versions/A/JavaNativeFoundation
0x0000000007cb0000 	/System/Library/Frameworks/JavaVM.framework/Versions/A/Frameworks/JavaRuntimeSupport.framework/Versions/A/JavaRuntimeSupport
0x0000000007cb0000 	/System/Library/Frameworks/JavaVM.framework/Versions/A/JavaVM
0x0000000007cb0000 	/System/Library/PrivateFrameworks/JavaLaunching.framework/Versions/A/JavaLaunching
0x0000000007cb0000 	/System/Library/Frameworks/Carbon.framework/Versions/A/Carbon
0x0000000007cb0000 	/System/Library/PrivateFrameworks/CoreSymbolication.framework/Versions/A/CoreSymbolication
0x0000000007cb0000 	/System/Library/Frameworks/Carbon.framework/Versions/A/Frameworks/CommonPanels.framework/Versions/A/CommonPanels
0x0000000007cb0000 	/System/Library/Frameworks/Carbon.framework/Versions/A/Frameworks/Help.framework/Versions/A/Help
0x0000000007cb0000 	/System/Library/Frameworks/Carbon.framework/Versions/A/Frameworks/ImageCapture.framework/Versions/A/ImageCapture
0x0000000007cb0000 	/System/Library/Frameworks/Carbon.framework/Versions/A/Frameworks/OpenScripting.framework/Versions/A/OpenScripting
0x0000000007cb0000 	/System/Library/Frameworks/Carbon.framework/Versions/A/Frameworks/Ink.framework/Versions/A/Ink
0x0000000007cb0000 	/System/Library/Frameworks/Carbon.framework/Versions/A/Frameworks/Print.framework/Versions/A/Print
0x0000000007cb0000 	/System/Library/Frameworks/Carbon.framework/Versions/A/Frameworks/SecurityHI.framework/Versions/A/SecurityHI
0x0000000007cb0000 	/System/Library/PrivateFrameworks/DebugSymbols.framework/Versions/A/DebugSymbols
0x0000000106ffd000 	/Library/Java/JavaVirtualMachines/jdk1.8.0_171.jdk/Contents/Home/jre/lib/libawt_lwawt.dylib
0x00000001070b7000 	/Library/Java/JavaVirtualMachines/jdk1.8.0_171.jdk/Contents/Home/jre/lib/libosxapp.dylib
0x0000000007cb0000 	/System/Library/Frameworks/ExceptionHandling.framework/Versions/A/ExceptionHandling
0x0000000007cb0000 	/System/Library/PrivateFrameworks/CoreServicesInternal.framework/Versions/A/CoreServicesInternal
0x0000000007cb0000 	/System/Library/Frameworks/FileProvider.framework/Versions/A/FileProvider
0x0000000007cb0000 	/System/Library/Frameworks/Accounts.framework/Versions/A/Accounts
0x0000000007cb0000 	/System/Library/PrivateFrameworks/GenerationalStorage.framework/Versions/A/GenerationalStorage
0x0000000007cb0000 	/System/Library/PrivateFrameworks/SymptomDiagnosticReporter.framework/Versions/A/SymptomDiagnosticReporter
0x0000000007cb0000 	/System/Library/PrivateFrameworks/AppContainer.framework/Versions/A/AppContainer
0x0000000007cb0000 	/usr/lib/libsandbox.1.dylib
0x0000000007cb0000 	/System/Library/PrivateFrameworks/UserManagement.framework/Versions/A/UserManagement
0x0000000007cb0000 	/System/Library/PrivateFrameworks/ChunkingLibrary.framework/Versions/A/ChunkingLibrary
0x0000000007cb0000 	/System/Library/PrivateFrameworks/AppSandbox.framework/Versions/A/AppSandbox
0x0000000007cb0000 	/System/Library/PrivateFrameworks/SecCodeWrapper.framework/Versions/A/SecCodeWrapper
0x0000000007cb0000 	/usr/lib/libMatch.1.dylib
0x0000000007cb0000 	/System/Library/CoreServices/RawCamera.bundle/Contents/MacOS/RawCamera
0x0000000007cb0000 	/System/Library/PrivateFrameworks/MobileAsset.framework/Versions/A/MobileAsset
0x0000000007cb0000 	/System/Library/PrivateFrameworks/StreamingZip.framework/Versions/A/StreamingZip
0x0000000007cb0000 	/System/Library/Frameworks/MediaToolbox.framework/Versions/A/MediaToolbox
0x0000000007cb0000 	/System/Library/PrivateFrameworks/CoreAVCHD.framework/Versions/A/CoreAVCHD
0x0000000007cb0000 	/System/Library/Frameworks/MediaAccessibility.framework/Versions/A/MediaAccessibility
0x0000000007cb0000 	/System/Library/PrivateFrameworks/Mangrove.framework/Versions/A/Mangrove
0x0000000007cb0000 	/System/Library/Frameworks/CoreMedia.framework/Versions/A/CoreMedia
0x0000000007cb0000 	/System/Library/PrivateFrameworks/MediaExperience.framework/Versions/A/MediaExperience
0x0000000007cb0000 	/System/Library/Frameworks/VideoToolbox.framework/Versions/A/VideoToolbox
0x0000000007cb0000 	/System/Library/PrivateFrameworks/CoreAUC.framework/Versions/A/CoreAUC
0x0000000007cb0000 	/usr/lib/libspindump.dylib
0x0000000007cb0000 	/System/Library/PrivateFrameworks/AudioResourceArbitration.framework/Versions/A/AudioResourceArbitration
0x0000000007cb0000 	/System/Library/PrivateFrameworks/AppleVA.framework/Versions/A/AppleVA
0x0000000007cb0000 	/System/Library/Frameworks/Accelerate.framework/Versions/A/Frameworks/vImage.framework/Versions/A/Libraries/libCGInterfaces.dylib
0x000000010891b000 	/usr/lib/libobjc-trampolines.dylib
0x0000000007cb0000 	/System/Library/PrivateFrameworks/FontServices.framework/libTrueTypeScaler.dylib
0x0000000007cb0000 	/System/Library/Extensions/AppleIntelHD5000GraphicsMTLDriver.bundle/Contents/MacOS/AppleIntelHD5000GraphicsMTLDriver
0x0000000007cb0000 	/System/Library/Extensions/GeForceMTLDriver.bundle/Contents/MacOS/GeForceMTLDriver
0x0000000007cb0000 	/System/Library/PrivateFrameworks/GPUCompiler.framework/Versions/3902/Libraries/libmetal_timestamp.dylib
0x0000000007cb0000 	/System/Library/PrivateFrameworks/FamilyControls.framework/Versions/A/FamilyControls
0x0000000007cb0000 	/System/Library/PrivateFrameworks/CommerceKit.framework/Versions/A/Frameworks/CommerceCore.framework/Versions/A/CommerceCore
0x0000000007cb0000 	/System/Library/PrivateFrameworks/SystemAdministration.framework/Versions/A/SystemAdministration
0x0000000007cb0000 	/System/Library/PrivateFrameworks/DiskManagement.framework/Versions/A/DiskManagement
0x0000000007cb0000 	/System/Library/Frameworks/DirectoryService.framework/Versions/A/DirectoryService
0x0000000007cb0000 	/System/Library/PrivateFrameworks/DiskImages.framework/Versions/A/DiskImages
0x0000000007cb0000 	/System/Library/PrivateFrameworks/LoginUIKit.framework/Versions/A/Frameworks/LoginUICore.framework/Versions/A/LoginUICore
0x0000000007cb0000 	/usr/lib/libCoreStorage.dylib
0x0000000007cb0000 	/usr/lib/libcsfde.dylib
0x0000000007cb0000 	/usr/lib/libodfde.dylib
0x0000000007cb0000 	/System/Library/PrivateFrameworks/MediaKit.framework/Versions/A/MediaKit
0x0000000007cb0000 	/System/Library/Frameworks/DiscRecording.framework/Versions/A/DiscRecording
0x0000000007cb0000 	/System/Library/PrivateFrameworks/EFILogin.framework/Versions/A/EFILogin
0x0000000007cb0000 	/System/Library/PrivateFrameworks/ProtectedCloudStorage.framework/Versions/A/ProtectedCloudStorage
0x0000000007cb0000 	/usr/lib/libcurl.4.dylib
0x0000000007cb0000 	/usr/lib/libcrypto.44.dylib
0x0000000007cb0000 	/usr/lib/libssl.46.dylib
0x0000000007cb0000 	/System/Library/Frameworks/LDAP.framework/Versions/A/LDAP
0x0000000007cb0000 	/System/Library/PrivateFrameworks/TrustEvaluationAgent.framework/Versions/A/TrustEvaluationAgent
0x0000000007cb0000 	/usr/lib/libsasl2.2.dylib
0x0000000007cb0000 	/System/Library/PrivateFrameworks/CoreDaemon.framework/Versions/B/CoreDaemon
0x0000000007cb0000 	/System/Library/PrivateFrameworks/AppleSRP.framework/Versions/A/AppleSRP
0x0000000007cb0000 	/System/Library/PrivateFrameworks/ViewBridge.framework/Versions/A/ViewBridge
0x0000000109432000 	/Library/Java/JavaVirtualMachines/jdk1.8.0_171.jdk/Contents/Home/jre/lib/libfontmanager.dylib
0x0000000109105000 	/Library/Java/JavaVirtualMachines/jdk1.8.0_171.jdk/Contents/Home/jre/lib/libosxui.dylib
0x0000000007cb0000 	/System/Library/Frameworks/OpenGL.framework/Versions/A/Resources/GLEngine.bundle/GLEngine
0x0000000007cb0000 	/System/Library/Frameworks/OpenGL.framework/Versions/A/Libraries/libGLProgrammability.dylib
0x0000000007cb0000 	/System/Library/Extensions/AppleIntelHD5000GraphicsGLDriver.bundle/Contents/MacOS/AppleIntelHD5000GraphicsGLDriver
0x0000000007cb0000 	/System/Library/PrivateFrameworks/GPUSupport.framework/Versions/A/Libraries/libGPUSupportMercury.dylib
0x0000000007cb0000 	/System/Library/Extensions/GeForceGLDriver.bundle/Contents/MacOS/GeForceGLDriver
0x0000000007cb0000 	/System/Library/Extensions/GeForceGLDriver.bundle/Contents/MacOS/libclh.dylib
0x0000000007cb0000 	/System/Library/Frameworks/OpenGL.framework/Versions/A/Resources/GLRendererFloat.bundle/GLRendererFloat
0x0000000007cb0000 	/System/Library/Frameworks/OpenCL.framework/Versions/A/Libraries/libcldcpuengine.dylib
0x0000000007cb0000 	/System/Library/PrivateFrameworks/login.framework/Versions/A/login
0x0000000109d8c000 	/Library/Java/JavaVirtualMachines/jdk1.8.0_171.jdk/Contents/Home/jre/lib/libnet.dylib
0x0000000109da3000 	/Library/Java/JavaVirtualMachines/jdk1.8.0_171.jdk/Contents/Home/jre/lib/libnio.dylib
0x0000000166cec000 	/private/var/folders/30/zzz2vzzj2ksdk82jx60wnysm0000gn/T/opencv_openpnp934931816975423570/nu/pattern/opencv/osx/x86_64/libopencv_java430.dylib
0x0000000007cb0000 	/System/Library/Frameworks/AVFoundation.framework/Versions/A/AVFoundation
0x0000000007cb0000 	/System/Library/Frameworks/AVFoundation.framework/Versions/A/Frameworks/AVFAudio.framework/Versions/A/AVFAudio
0x0000000007cb0000 	/System/Library/Frameworks/CoreMediaIO.framework/Versions/A/CoreMediaIO
0x0000000007cb0000 	/usr/lib/libAudioStatistics.dylib
0x0000000007cb0000 	/System/Library/PrivateFrameworks/perfdata.framework/Versions/A/perfdata
0x0000000007cb0000 	/usr/lib/libperfcheck.dylib
0x0000000007cb0000 	/usr/lib/libSMC.dylib
0x0000000007cb0000 	/System/Library/PrivateFrameworks/HDRProcessing.framework/Versions/A/HDRProcessing
0x000000016d71b000 	/Library/Java/JavaVirtualMachines/jdk1.8.0_171.jdk/Contents/Home/jre/lib/libdcpr.dylib

VM Arguments:
java_command: es.ulpgc.dis.practica7.Main
java_class_path (initial): /Users/Andres/Documents/Mis Archivos/Universidad/ULPGC/Asignaturas/4/DIU/Practica_7/practica7/target/classes:/Users/Andres/.m2/repository/org/openpnp/opencv/4.3.0-2/opencv-4.3.0-2.jar
Launcher Type: SUN_STANDARD

Environment Variables:
JAVA_HOME=/Library/Java/JavaVirtualMachines/jdk1.8.0_171.jdk/Contents/Home
PATH=/usr/bin:/bin:/usr/sbin:/sbin
SHELL=/bin/bash
DISPLAY=/private/tmp/com.apple.launchd.CZSIXaGxK9/org.macosforge.xquartz:0

Signal Handlers:
SIGSEGV: [libjvm.dylib+0x5b512d], sa_mask[0]=11111111011111110111111111111111, sa_flags=SA_ONSTACK|SA_RESTART|SA_SIGINFO
SIGBUS: [libjvm.dylib+0x5b512d], sa_mask[0]=11111111011111110111111111111111, sa_flags=SA_RESTART|SA_SIGINFO
SIGFPE: [libjvm.dylib+0x48aa90], sa_mask[0]=11111111011111110111111111111111, sa_flags=SA_RESTART|SA_SIGINFO
SIGPIPE: [libjvm.dylib+0x48aa90], sa_mask[0]=11111111011111110111111111111111, sa_flags=SA_RESTART|SA_SIGINFO
SIGXFSZ: [libjvm.dylib+0x48aa90], sa_mask[0]=11111111011111110111111111111111, sa_flags=SA_RESTART|SA_SIGINFO
SIGILL: [libjvm.dylib+0x48aa90], sa_mask[0]=11111111011111110111111111111111, sa_flags=SA_RESTART|SA_SIGINFO
SIGUSR1: SIG_DFL, sa_mask[0]=00000000000000000000000000000000, sa_flags=none
SIGUSR2: [libjvm.dylib+0x48a5ae], sa_mask[0]=00100000000000000000000000000000, sa_flags=SA_RESTART|SA_SIGINFO
SIGHUP: [libjvm.dylib+0x488b79], sa_mask[0]=11111111011111110111111111111111, sa_flags=SA_RESTART|SA_SIGINFO
SIGINT: SIG_IGN, sa_mask[0]=00000000000000000000000000000000, sa_flags=none
SIGTERM: [libjvm.dylib+0x488b79], sa_mask[0]=11111111011111110111111111111111, sa_flags=SA_RESTART|SA_SIGINFO
SIGQUIT: [libjvm.dylib+0x488b79], sa_mask[0]=11111111011111110111111111111111, sa_flags=SA_RESTART|SA_SIGINFO


---------------  S Y S T E M  ---------------

OS:Bsduname:Darwin 19.6.0 Darwin Kernel Version 19.6.0: Mon Aug 31 22:12:52 PDT 2020; root:xnu-6153.141.2~1/RELEASE_X86_64 x86_64
rlimit: STACK 8192k, CORE 0k, NPROC 2784, NOFILE 10240, AS infinity
load average:3.30 2.41 2.13

CPU:total 8 (initial active 8) (4 cores per cpu, 2 threads per core) family 6 model 70 stepping 1, cmov, cx8, fxsr, mmx, sse, sse2, sse3, ssse3, sse4.1, sse4.2, popcnt, avx, avx2, aes, clmul, erms, lzcnt, ht, tsc, tscinvbit, bmi1, bmi2

Memory: 4k page, physical 16777216k(440216k free)

/proc/meminfo:


vm_info: Java HotSpot(TM) 64-Bit Server VM (25.171-b11) for bsd-amd64 JRE (1.8.0_171-b11), built on Mar 28 2018 12:50:57 by "java_re" with gcc 4.2.1 (Based on Apple Inc. build 5658) (LLVM build 2336.11.00)

time: Sat Nov 14 14:20:31 2020
elapsed time: 4 seconds (0d 0h 0m 4s)

